<?xml version="1.0" encoding="UTF-8"?>
<!-- Generated by org.testng.reporters.JUnitReportReporter -->
<testsuite hostname="AnushaChanna" failures="0" tests="2" name="E_commerce_amazon.Testcase12_AllPayMethods" time="71.283" errors="0" timestamp="2024-09-21T23:22:07 IST" skipped="1">
  <testcase classname="E_commerce_amazon.Testcase12_AllPayMethods" name="PaymentRadioButton" time="36.021">
    <skipped/>
  </testcase> <!-- PaymentRadioButton -->
  <testcase classname="E_commerce_amazon.Testcase12_AllPayMethods" name="PaymentRadioButton" time="35.262">
    <system-out>
      <![CDATA[testcase is pass > report from Listeners]]>
    </system-out>
  </testcase> <!-- PaymentRadioButton -->
  <system-out>
    <![CDATA[testcase is pass > report from Listeners
testcase is pass > report from Listeners
testcase is pass > report from Listeners
testcase is pass > report from Listeners
testcase is pass > report from Listeners
testcase is fail > report from Listeners
testcase is pass > report from Listeners
testcase is pass > report from Listeners
testcase is pass > report from Listeners
testcase is pass > report from Listeners
testcase is pass > report from Listeners
testcase is pass > report from Listeners
testcase is pass > report from Listeners
testcase is pass > report from Listeners]]>
  </system-out>
</testsuite> <!-- E_commerce_amazon.Testcase12_AllPayMethods -->
