<?xml version="1.0" encoding="UTF-8"?>
<!-- Generated by org.testng.reporters.JUnitReportReporter -->
<testsuite hostname="AnushaChanna" failures="0" tests="1" name="E_commerce_amazon.Testcase4_ProfileEdit" time="22.060" errors="0" timestamp="2024-09-21T23:38:11 IST" skipped="0">
  <testcase classname="E_commerce_amazon.Testcase4_ProfileEdit" name="EditProfile" time="22.060"/>
  <system-out>
    <![CDATA[testcase is pass > report from Listeners]]>
  </system-out>
</testsuite> <!-- E_commerce_amazon.Testcase4_ProfileEdit -->
