<?xml version="1.0" encoding="UTF-8"?>
<!-- Generated by org.testng.reporters.JUnitReportReporter -->
<testsuite hostname="AnushaChanna" failures="0" tests="1" name="E_commerce_amazon.Tescase9_VerifyCart" time="18.675" errors="0" timestamp="2024-09-21T23:38:11 IST" skipped="0">
  <testcase classname="E_commerce_amazon.Tescase9_VerifyCart" name="verifyingcart" time="18.675"/>
  <system-out>
    <![CDATA[testcase is pass > report from Listeners]]>
  </system-out>
</testsuite> <!-- E_commerce_amazon.Tescase9_VerifyCart -->
