<?xml version="1.0" encoding="UTF-8"?>
<!-- Generated by org.testng.reporters.JUnitReportReporter -->
<testsuite hostname="AnushaChanna" failures="0" tests="3" name="E_commerce_amazon.Testcase11_OrderReview" time="125.697" errors="0" timestamp="2024-09-21T23:38:11 IST" skipped="2">
  <testcase classname="E_commerce_amazon.Testcase11_OrderReview" name="FinalReviewOrder" time="43.252">
    <skipped/>
  </testcase> <!-- FinalReviewOrder -->
  <system-out/>
  <testcase classname="E_commerce_amazon.Testcase11_OrderReview" name="FinalReviewOrder" time="43.724"/>
  <system-out>
    <![CDATA[testcase is pass > report from Listeners]]>
  </system-out>
  <testcase classname="E_commerce_amazon.Testcase11_OrderReview" name="FinalReviewOrder" time="38.721">
    <skipped/>
  </testcase> <!-- FinalReviewOrder -->
  <system-out/>
</testsuite> <!-- E_commerce_amazon.Testcase11_OrderReview -->
