<?xml version="1.0" encoding="UTF-8"?>
<!-- Generated by org.testng.reporters.JUnitReportReporter -->
<testsuite hostname="AnushaChanna" failures="0" tests="4" name="E_commerce_amazon.Testcase11_OrderReview" time="166.941" errors="0" timestamp="2024-09-21T23:49:19 IST" skipped="3">
  <testcase classname="E_commerce_amazon.Testcase11_OrderReview" name="FinalReviewOrder" time="41.789">
    <skipped/>
  </testcase> <!-- FinalReviewOrder -->
  <testcase classname="E_commerce_amazon.Testcase11_OrderReview" name="FinalReviewOrder" time="41.986">
    <system-out>
      <![CDATA[testcase is pass > report from Listeners]]>
    </system-out>
  </testcase> <!-- FinalReviewOrder -->
  <testcase classname="E_commerce_amazon.Testcase11_OrderReview" name="FinalReviewOrder" time="44.073">
    <skipped/>
  </testcase> <!-- FinalReviewOrder -->
  <testcase classname="E_commerce_amazon.Testcase11_OrderReview" name="FinalReviewOrder" time="39.093">
    <skipped/>
  </testcase> <!-- FinalReviewOrder -->
  <system-out>
    <![CDATA[testcase is pass > report from Listeners
testcase is pass > report from Listeners
testcase is pass > report from Listeners
testcase is pass > report from Listeners
testcase is pass > report from Listeners
testcase is pass > report from Listeners
testcase is pass > report from Listeners
testcase is pass > report from Listeners
testcase is pass > report from Listeners
testcase is pass > report from Listeners
testcase is pass > report from Listeners
testcase is pass > report from Listeners
testcase is pass > report from Listeners
testcase is pass > report from Listeners]]>
  </system-out>
</testsuite> <!-- E_commerce_amazon.Testcase11_OrderReview -->
